The target system is: Generic -  - arm
The host system is: Linux - 5.15.90.1-microsoft-standard-WSL2 - x86_64
Compiling the C compiler identification source file "CMakeCCompilerId.c" succeeded.
Compiler: /home/nirve/toolchain/gcc-arm-none-eabi/bin/arm-none-eabi-gcc 
Build flags: -mcpu=cortex-m4;-mfloat-abi=hard;-mfpu=fpv4-sp-d16;-mthumb;-fdata-sections;-ffunction-sections
Id flags: -c 

The output was:
0


Compilation of the C compiler identification source "CMakeCCompilerId.c" produced "CMakeCCompilerId.o"

The C compiler identification is GNU, found in "/mnt/c/code/EA/Cmake/libc-skeleton/buildresults/CMakeFiles/3.25.0/CompilerIdC/CMakeCCompilerId.o"

Compiling the CXX compiler identification source file "CMakeCXXCompilerId.cpp" succeeded.
Compiler: /home/nirve/toolchain/gcc-arm-none-eabi/bin/arm-none-eabi-g++ 
Build flags: -mcpu=cortex-m4;-mfloat-abi=hard;-mfpu=fpv4-sp-d16;-mthumb;-fdata-sections;-ffunction-sections
Id flags: -c 

The output was:
0


Compilation of the CXX compiler identification source "CMakeCXXCompilerId.cpp" produced "CMakeCXXCompilerId.o"

The CXX compiler identification is GNU, found in "/mnt/c/code/EA/Cmake/libc-skeleton/buildresults/CMakeFiles/3.25.0/CompilerIdCXX/CMakeCXXCompilerId.o"

Detecting C compiler ABI info compiled with the following output:
Change Dir: /mnt/c/code/EA/Cmake/libc-skeleton/buildresults/CMakeFiles/CMakeScratch/TryCompile-6v9NXi

Run Build Command(s):/usr/bin/ninja cmTC_59258 && [1/2] Building C object CMakeFiles/cmTC_59258.dir/CMakeCCompilerABI.c.obj
Using built-in specs.
COLLECT_GCC=/home/nirve/toolchain/gcc-arm-none-eabi/bin/arm-none-eabi-gcc
Target: arm-none-eabi
Configured with: /mnt/workspace/workspace/GCC-10-pipeline/jenkins-GCC-10-pipeline-338_20211018_1634516203/src/gcc/configure --target=arm-none-eabi --prefix=/mnt/workspace/workspace/GCC-10-pipeline/jenkins-GCC-10-pipeline-338_20211018_1634516203/install-native --libexecdir=/mnt/workspace/workspace/GCC-10-pipeline/jenkins-GCC-10-pipeline-338_20211018_1634516203/install-native/lib --infodir=/mnt/workspace/workspace/GCC-10-pipeline/jenkins-GCC-10-pipeline-338_20211018_1634516203/install-native/share/doc/gcc-arm-none-eabi/info --mandir=/mnt/workspace/workspace/GCC-10-pipeline/jenkins-GCC-10-pipeline-338_20211018_1634516203/install-native/share/doc/gcc-arm-none-eabi/man --htmldir=/mnt/workspace/workspace/GCC-10-pipeline/jenkins-GCC-10-pipeline-338_20211018_1634516203/install-native/share/doc/gcc-arm-none-eabi/html --pdfdir=/mnt/workspace/workspace/GCC-10-pipeline/jenkins-GCC-10-pipeline-338_20211018_1634516203/install-native/share/doc/gcc-arm-none-eabi/pdf --enable-languages=c,c++ --enable-plugins --disable-decimal-float --disable-libffi --disable-libgomp --disable-libmudflap --disable-libquadmath --disable-libssp --disable-libstdcxx-pch --disable-nls --disable-shared --disable-threads --disable-tls --with-gnu-as --with-gnu-ld --with-newlib --with-headers=yes --with-python-dir=share/gcc-arm-none-eabi --with-sysroot=/mnt/workspace/workspace/GCC-10-pipeline/jenkins-GCC-10-pipeline-338_20211018_1634516203/install-native/arm-none-eabi --build=x86_64-linux-gnu --host=x86_64-linux-gnu --with-gmp=/mnt/workspace/workspace/GCC-10-pipeline/jenkins-GCC-10-pipeline-338_20211018_1634516203/build-native/host-libs/usr --with-mpfr=/mnt/workspace/workspace/GCC-10-pipeline/jenkins-GCC-10-pipeline-338_20211018_1634516203/build-native/host-libs/usr --with-mpc=/mnt/workspace/workspace/GCC-10-pipeline/jenkins-GCC-10-pipeline-338_20211018_1634516203/build-native/host-libs/usr --with-isl=/mnt/workspace/workspace/GCC-10-pipeline/jenkins-GCC-10-pipeline-338_20211018_1634516203/build-native/host-libs/usr --with-libelf=/mnt/workspace/workspace/GCC-10-pipeline/jenkins-GCC-10-pipeline-338_20211018_1634516203/build-native/host-libs/usr --with-host-libstdcxx='-static-libgcc -Wl,-Bstatic,-lstdc++,-Bdynamic -lm' --with-pkgversion='GNU Arm Embedded Toolchain 10.3-2021.10' --with-multilib-list=rmprofile,aprofile
Thread model: single
Supported LTO compression algorithms: zlib
gcc version 10.3.1 20210824 (release) (GNU Arm Embedded Toolchain 10.3-2021.10) 
COLLECT_GCC_OPTIONS='-mcpu=cortex-m4' '-mfloat-abi=hard' '-mfpu=fpv4-sp-d16' '-mthumb' '-fdata-sections' '-ffunction-sections' '-v' '-o' 'CMakeFiles/cmTC_59258.dir/CMakeCCompilerABI.c.obj' '-c' '-mlibarch=armv7e-m+fp' '-march=armv7e-m+fp'
 /home/nirve/toolchain/gcc-arm-none-eabi/bin/../lib/gcc/arm-none-eabi/10.3.1/cc1 -quiet -v -imultilib thumb/v7e-m+fp/hard -iprefix /home/nirve/toolchain/gcc-arm-none-eabi/bin/../lib/gcc/arm-none-eabi/10.3.1/ -isysroot /home/nirve/toolchain/gcc-arm-none-eabi/bin/../arm-none-eabi -D__USES_INITFINI__ /usr/share/cmake-3.25/Modules/CMakeCCompilerABI.c -quiet -dumpbase CMakeCCompilerABI.c -mcpu=cortex-m4 -mfloat-abi=hard -mfpu=fpv4-sp-d16 -mthumb -mlibarch=armv7e-m+fp -march=armv7e-m+fp -auxbase-strip CMakeFiles/cmTC_59258.dir/CMakeCCompilerABI.c.obj -version -fdata-sections -ffunction-sections -o /tmp/cc86V4OW.s
GNU C17 (GNU Arm Embedded Toolchain 10.3-2021.10) version 10.3.1 20210824 (release) (arm-none-eabi)
	compiled by GNU C version 4.8.4, GMP version 6.1.0, MPFR version 3.1.4, MPC version 1.0.3, isl version isl-0.18-GMP

GGC heuristics: --param ggc-min-expand=100 --param ggc-min-heapsize=131072
ignoring duplicate directory "/home/nirve/toolchain/gcc-arm-none-eabi/bin/../lib/gcc/../../lib/gcc/arm-none-eabi/10.3.1/include"
ignoring nonexistent directory "/home/nirve/toolchain/gcc-arm-none-eabi/bin/../arm-none-eabi/usr/local/include"
ignoring duplicate directory "/home/nirve/toolchain/gcc-arm-none-eabi/bin/../lib/gcc/../../lib/gcc/arm-none-eabi/10.3.1/include-fixed"
ignoring duplicate directory "/home/nirve/toolchain/gcc-arm-none-eabi/bin/../lib/gcc/../../lib/gcc/arm-none-eabi/10.3.1/../../../../arm-none-eabi/include"
ignoring nonexistent directory "/home/nirve/toolchain/gcc-arm-none-eabi/bin/../arm-none-eabi/usr/include"
#include "..." search starts here:
#include <...> search starts here:
 /home/nirve/toolchain/gcc-arm-none-eabi/bin/../lib/gcc/arm-none-eabi/10.3.1/include
 /home/nirve/toolchain/gcc-arm-none-eabi/bin/../lib/gcc/arm-none-eabi/10.3.1/include-fixed
 /home/nirve/toolchain/gcc-arm-none-eabi/bin/../lib/gcc/arm-none-eabi/10.3.1/../../../../arm-none-eabi/include
End of search list.
GNU C17 (GNU Arm Embedded Toolchain 10.3-2021.10) version 10.3.1 20210824 (release) (arm-none-eabi)
	compiled by GNU C version 4.8.4, GMP version 6.1.0, MPFR version 3.1.4, MPC version 1.0.3, isl version isl-0.18-GMP

GGC heuristics: --param ggc-min-expand=100 --param ggc-min-heapsize=131072
Compiler executable checksum: ada28fdd13bdd399f195284d34df0081
COLLECT_GCC_OPTIONS='-mcpu=cortex-m4' '-mfloat-abi=hard' '-mfpu=fpv4-sp-d16' '-mthumb' '-fdata-sections' '-ffunction-sections' '-v' '-o' 'CMakeFiles/cmTC_59258.dir/CMakeCCompilerABI.c.obj' '-c' '-mlibarch=armv7e-m+fp' '-march=armv7e-m+fp'
 /home/nirve/toolchain/gcc-arm-none-eabi/bin/../lib/gcc/arm-none-eabi/10.3.1/../../../../arm-none-eabi/bin/as -v -march=armv7e-m -mfloat-abi=hard -mfpu=fpv4-sp-d16 -meabi=5 -o CMakeFiles/cmTC_59258.dir/CMakeCCompilerABI.c.obj /tmp/cc86V4OW.s
GNU assembler version 2.36.1 (arm-none-eabi) using BFD version (GNU Arm Embedded Toolchain 10.3-2021.10) 2.36.1.20210621
COMPILER_PATH=/home/nirve/toolchain/gcc-arm-none-eabi/bin/../lib/gcc/arm-none-eabi/10.3.1/:/home/nirve/toolchain/gcc-arm-none-eabi/bin/../lib/gcc/:/home/nirve/toolchain/gcc-arm-none-eabi/bin/../lib/gcc/arm-none-eabi/10.3.1/../../../../arm-none-eabi/bin/
LIBRARY_PATH=/home/nirve/toolchain/gcc-arm-none-eabi/bin/../lib/gcc/arm-none-eabi/10.3.1/thumb/v7e-m+fp/hard/:/home/nirve/toolchain/gcc-arm-none-eabi/bin/../lib/gcc/arm-none-eabi/10.3.1/../../../../arm-none-eabi/lib/thumb/v7e-m+fp/hard/:/home/nirve/toolchain/gcc-arm-none-eabi/bin/../arm-none-eabi/lib/thumb/v7e-m+fp/hard/:/home/nirve/toolchain/gcc-arm-none-eabi/bin/../lib/gcc/arm-none-eabi/10.3.1/:/home/nirve/toolchain/gcc-arm-none-eabi/bin/../lib/gcc/:/home/nirve/toolchain/gcc-arm-none-eabi/bin/../lib/gcc/arm-none-eabi/10.3.1/../../../../arm-none-eabi/lib/:/home/nirve/toolchain/gcc-arm-none-eabi/bin/../arm-none-eabi/lib/
COLLECT_GCC_OPTIONS='-mcpu=cortex-m4' '-mfloat-abi=hard' '-mfpu=fpv4-sp-d16' '-mthumb' '-fdata-sections' '-ffunction-sections' '-v' '-o' 'CMakeFiles/cmTC_59258.dir/CMakeCCompilerABI.c.obj' '-c' '-mlibarch=armv7e-m+fp' '-march=armv7e-m+fp'
[2/2] Linking C static library libcmTC_59258.a



Parsed C implicit include dir info from above output: rv=done
  found start of include info
  found start of implicit include info
    add: [/home/nirve/toolchain/gcc-arm-none-eabi/bin/../lib/gcc/arm-none-eabi/10.3.1/include]
    add: [/home/nirve/toolchain/gcc-arm-none-eabi/bin/../lib/gcc/arm-none-eabi/10.3.1/include-fixed]
    add: [/home/nirve/toolchain/gcc-arm-none-eabi/bin/../lib/gcc/arm-none-eabi/10.3.1/../../../../arm-none-eabi/include]
  end of search list found
  collapse include dir [/home/nirve/toolchain/gcc-arm-none-eabi/bin/../lib/gcc/arm-none-eabi/10.3.1/include] ==> [/home/nirve/toolchain/gcc-arm-none-eabi/lib/gcc/arm-none-eabi/10.3.1/include]
  collapse include dir [/home/nirve/toolchain/gcc-arm-none-eabi/bin/../lib/gcc/arm-none-eabi/10.3.1/include-fixed] ==> [/home/nirve/toolchain/gcc-arm-none-eabi/lib/gcc/arm-none-eabi/10.3.1/include-fixed]
  collapse include dir [/home/nirve/toolchain/gcc-arm-none-eabi/bin/../lib/gcc/arm-none-eabi/10.3.1/../../../../arm-none-eabi/include] ==> [/home/nirve/toolchain/gcc-arm-none-eabi/arm-none-eabi/include]
  implicit include dirs: [/home/nirve/toolchain/gcc-arm-none-eabi/lib/gcc/arm-none-eabi/10.3.1/include;/home/nirve/toolchain/gcc-arm-none-eabi/lib/gcc/arm-none-eabi/10.3.1/include-fixed;/home/nirve/toolchain/gcc-arm-none-eabi/arm-none-eabi/include]


Parsed C implicit link information from above output:
  link line regex: [^( *|.*[/\])(arm-none-eabi-ld|CMAKE_LINK_STARTFILE-NOTFOUND|([^/\]+-)?ld|collect2)[^/\]*( |$)]
  ignore line: [Change Dir: /mnt/c/code/EA/Cmake/libc-skeleton/buildresults/CMakeFiles/CMakeScratch/TryCompile-6v9NXi]
  ignore line: []
  ignore line: [Run Build Command(s):/usr/bin/ninja cmTC_59258 && [1/2] Building C object CMakeFiles/cmTC_59258.dir/CMakeCCompilerABI.c.obj]
  ignore line: [Using built-in specs.]
  ignore line: [COLLECT_GCC=/home/nirve/toolchain/gcc-arm-none-eabi/bin/arm-none-eabi-gcc]
  ignore line: [Target: arm-none-eabi]
  ignore line: [Configured with: /mnt/workspace/workspace/GCC-10-pipeline/jenkins-GCC-10-pipeline-338_20211018_1634516203/src/gcc/configure --target=arm-none-eabi --prefix=/mnt/workspace/workspace/GCC-10-pipeline/jenkins-GCC-10-pipeline-338_20211018_1634516203/install-native --libexecdir=/mnt/workspace/workspace/GCC-10-pipeline/jenkins-GCC-10-pipeline-338_20211018_1634516203/install-native/lib --infodir=/mnt/workspace/workspace/GCC-10-pipeline/jenkins-GCC-10-pipeline-338_20211018_1634516203/install-native/share/doc/gcc-arm-none-eabi/info --mandir=/mnt/workspace/workspace/GCC-10-pipeline/jenkins-GCC-10-pipeline-338_20211018_1634516203/install-native/share/doc/gcc-arm-none-eabi/man --htmldir=/mnt/workspace/workspace/GCC-10-pipeline/jenkins-GCC-10-pipeline-338_20211018_1634516203/install-native/share/doc/gcc-arm-none-eabi/html --pdfdir=/mnt/workspace/workspace/GCC-10-pipeline/jenkins-GCC-10-pipeline-338_20211018_1634516203/install-native/share/doc/gcc-arm-none-eabi/pdf --enable-languages=c,c++ --enable-plugins --disable-decimal-float --disable-libffi --disable-libgomp --disable-libmudflap --disable-libquadmath --disable-libssp --disable-libstdcxx-pch --disable-nls --disable-shared --disable-threads --disable-tls --with-gnu-as --with-gnu-ld --with-newlib --with-headers=yes --with-python-dir=share/gcc-arm-none-eabi --with-sysroot=/mnt/workspace/workspace/GCC-10-pipeline/jenkins-GCC-10-pipeline-338_20211018_1634516203/install-native/arm-none-eabi --build=x86_64-linux-gnu --host=x86_64-linux-gnu --with-gmp=/mnt/workspace/workspace/GCC-10-pipeline/jenkins-GCC-10-pipeline-338_20211018_1634516203/build-native/host-libs/usr --with-mpfr=/mnt/workspace/workspace/GCC-10-pipeline/jenkins-GCC-10-pipeline-338_20211018_1634516203/build-native/host-libs/usr --with-mpc=/mnt/workspace/workspace/GCC-10-pipeline/jenkins-GCC-10-pipeline-338_20211018_1634516203/build-native/host-libs/usr --with-isl=/mnt/workspace/workspace/GCC-10-pipeline/jenkins-GCC-10-pipeline-338_20211018_1634516203/build-native/host-libs/usr --with-libelf=/mnt/workspace/workspace/GCC-10-pipeline/jenkins-GCC-10-pipeline-338_20211018_1634516203/build-native/host-libs/usr --with-host-libstdcxx='-static-libgcc -Wl,-Bstatic,-lstdc++,-Bdynamic -lm' --with-pkgversion='GNU Arm Embedded Toolchain 10.3-2021.10' --with-multilib-list=rmprofile,aprofile]
  ignore line: [Thread model: single]
  ignore line: [Supported LTO compression algorithms: zlib]
  ignore line: [gcc version 10.3.1 20210824 (release) (GNU Arm Embedded Toolchain 10.3-2021.10) ]
  ignore line: [COLLECT_GCC_OPTIONS='-mcpu=cortex-m4' '-mfloat-abi=hard' '-mfpu=fpv4-sp-d16' '-mthumb' '-fdata-sections' '-ffunction-sections' '-v' '-o' 'CMakeFiles/cmTC_59258.dir/CMakeCCompilerABI.c.obj' '-c' '-mlibarch=armv7e-m+fp' '-march=armv7e-m+fp']
  ignore line: [ /home/nirve/toolchain/gcc-arm-none-eabi/bin/../lib/gcc/arm-none-eabi/10.3.1/cc1 -quiet -v -imultilib thumb/v7e-m+fp/hard -iprefix /home/nirve/toolchain/gcc-arm-none-eabi/bin/../lib/gcc/arm-none-eabi/10.3.1/ -isysroot /home/nirve/toolchain/gcc-arm-none-eabi/bin/../arm-none-eabi -D__USES_INITFINI__ /usr/share/cmake-3.25/Modules/CMakeCCompilerABI.c -quiet -dumpbase CMakeCCompilerABI.c -mcpu=cortex-m4 -mfloat-abi=hard -mfpu=fpv4-sp-d16 -mthumb -mlibarch=armv7e-m+fp -march=armv7e-m+fp -auxbase-strip CMakeFiles/cmTC_59258.dir/CMakeCCompilerABI.c.obj -version -fdata-sections -ffunction-sections -o /tmp/cc86V4OW.s]
  ignore line: [GNU C17 (GNU Arm Embedded Toolchain 10.3-2021.10) version 10.3.1 20210824 (release) (arm-none-eabi)]
  ignore line: [	compiled by GNU C version 4.8.4  GMP version 6.1.0  MPFR version 3.1.4  MPC version 1.0.3  isl version isl-0.18-GMP]
  ignore line: []
  ignore line: [GGC heuristics: --param ggc-min-expand=100 --param ggc-min-heapsize=131072]
  ignore line: [ignoring duplicate directory "/home/nirve/toolchain/gcc-arm-none-eabi/bin/../lib/gcc/../../lib/gcc/arm-none-eabi/10.3.1/include"]
  ignore line: [ignoring nonexistent directory "/home/nirve/toolchain/gcc-arm-none-eabi/bin/../arm-none-eabi/usr/local/include"]
  ignore line: [ignoring duplicate directory "/home/nirve/toolchain/gcc-arm-none-eabi/bin/../lib/gcc/../../lib/gcc/arm-none-eabi/10.3.1/include-fixed"]
  ignore line: [ignoring duplicate directory "/home/nirve/toolchain/gcc-arm-none-eabi/bin/../lib/gcc/../../lib/gcc/arm-none-eabi/10.3.1/../../../../arm-none-eabi/include"]
  ignore line: [ignoring nonexistent directory "/home/nirve/toolchain/gcc-arm-none-eabi/bin/../arm-none-eabi/usr/include"]
  ignore line: [#include "..." search starts here:]
  ignore line: [#include <...> search starts here:]
  ignore line: [ /home/nirve/toolchain/gcc-arm-none-eabi/bin/../lib/gcc/arm-none-eabi/10.3.1/include]
  ignore line: [ /home/nirve/toolchain/gcc-arm-none-eabi/bin/../lib/gcc/arm-none-eabi/10.3.1/include-fixed]
  ignore line: [ /home/nirve/toolchain/gcc-arm-none-eabi/bin/../lib/gcc/arm-none-eabi/10.3.1/../../../../arm-none-eabi/include]
  ignore line: [End of search list.]
  ignore line: [GNU C17 (GNU Arm Embedded Toolchain 10.3-2021.10) version 10.3.1 20210824 (release) (arm-none-eabi)]
  ignore line: [	compiled by GNU C version 4.8.4  GMP version 6.1.0  MPFR version 3.1.4  MPC version 1.0.3  isl version isl-0.18-GMP]
  ignore line: []
  ignore line: [GGC heuristics: --param ggc-min-expand=100 --param ggc-min-heapsize=131072]
  ignore line: [Compiler executable checksum: ada28fdd13bdd399f195284d34df0081]
  ignore line: [COLLECT_GCC_OPTIONS='-mcpu=cortex-m4' '-mfloat-abi=hard' '-mfpu=fpv4-sp-d16' '-mthumb' '-fdata-sections' '-ffunction-sections' '-v' '-o' 'CMakeFiles/cmTC_59258.dir/CMakeCCompilerABI.c.obj' '-c' '-mlibarch=armv7e-m+fp' '-march=armv7e-m+fp']
  ignore line: [ /home/nirve/toolchain/gcc-arm-none-eabi/bin/../lib/gcc/arm-none-eabi/10.3.1/../../../../arm-none-eabi/bin/as -v -march=armv7e-m -mfloat-abi=hard -mfpu=fpv4-sp-d16 -meabi=5 -o CMakeFiles/cmTC_59258.dir/CMakeCCompilerABI.c.obj /tmp/cc86V4OW.s]
  ignore line: [GNU assembler version 2.36.1 (arm-none-eabi) using BFD version (GNU Arm Embedded Toolchain 10.3-2021.10) 2.36.1.20210621]
  ignore line: [COMPILER_PATH=/home/nirve/toolchain/gcc-arm-none-eabi/bin/../lib/gcc/arm-none-eabi/10.3.1/:/home/nirve/toolchain/gcc-arm-none-eabi/bin/../lib/gcc/:/home/nirve/toolchain/gcc-arm-none-eabi/bin/../lib/gcc/arm-none-eabi/10.3.1/../../../../arm-none-eabi/bin/]
  ignore line: [LIBRARY_PATH=/home/nirve/toolchain/gcc-arm-none-eabi/bin/../lib/gcc/arm-none-eabi/10.3.1/thumb/v7e-m+fp/hard/:/home/nirve/toolchain/gcc-arm-none-eabi/bin/../lib/gcc/arm-none-eabi/10.3.1/../../../../arm-none-eabi/lib/thumb/v7e-m+fp/hard/:/home/nirve/toolchain/gcc-arm-none-eabi/bin/../arm-none-eabi/lib/thumb/v7e-m+fp/hard/:/home/nirve/toolchain/gcc-arm-none-eabi/bin/../lib/gcc/arm-none-eabi/10.3.1/:/home/nirve/toolchain/gcc-arm-none-eabi/bin/../lib/gcc/:/home/nirve/toolchain/gcc-arm-none-eabi/bin/../lib/gcc/arm-none-eabi/10.3.1/../../../../arm-none-eabi/lib/:/home/nirve/toolchain/gcc-arm-none-eabi/bin/../arm-none-eabi/lib/]
  ignore line: [COLLECT_GCC_OPTIONS='-mcpu=cortex-m4' '-mfloat-abi=hard' '-mfpu=fpv4-sp-d16' '-mthumb' '-fdata-sections' '-ffunction-sections' '-v' '-o' 'CMakeFiles/cmTC_59258.dir/CMakeCCompilerABI.c.obj' '-c' '-mlibarch=armv7e-m+fp' '-march=armv7e-m+fp']
  ignore line: [[2/2] Linking C static library libcmTC_59258.a]
  ignore line: []
  ignore line: []
  implicit libs: []
  implicit objs: []
  implicit dirs: []
  implicit fwks: []


Detecting CXX compiler ABI info compiled with the following output:
Change Dir: /mnt/c/code/EA/Cmake/libc-skeleton/buildresults/CMakeFiles/CMakeScratch/TryCompile-D34qKU

Run Build Command(s):/usr/bin/ninja cmTC_52c6d && [1/2] Building CXX object CMakeFiles/cmTC_52c6d.dir/CMakeCXXCompilerABI.cpp.obj
Using built-in specs.
COLLECT_GCC=/home/nirve/toolchain/gcc-arm-none-eabi/bin/arm-none-eabi-g++
Target: arm-none-eabi
Configured with: /mnt/workspace/workspace/GCC-10-pipeline/jenkins-GCC-10-pipeline-338_20211018_1634516203/src/gcc/configure --target=arm-none-eabi --prefix=/mnt/workspace/workspace/GCC-10-pipeline/jenkins-GCC-10-pipeline-338_20211018_1634516203/install-native --libexecdir=/mnt/workspace/workspace/GCC-10-pipeline/jenkins-GCC-10-pipeline-338_20211018_1634516203/install-native/lib --infodir=/mnt/workspace/workspace/GCC-10-pipeline/jenkins-GCC-10-pipeline-338_20211018_1634516203/install-native/share/doc/gcc-arm-none-eabi/info --mandir=/mnt/workspace/workspace/GCC-10-pipeline/jenkins-GCC-10-pipeline-338_20211018_1634516203/install-native/share/doc/gcc-arm-none-eabi/man --htmldir=/mnt/workspace/workspace/GCC-10-pipeline/jenkins-GCC-10-pipeline-338_20211018_1634516203/install-native/share/doc/gcc-arm-none-eabi/html --pdfdir=/mnt/workspace/workspace/GCC-10-pipeline/jenkins-GCC-10-pipeline-338_20211018_1634516203/install-native/share/doc/gcc-arm-none-eabi/pdf --enable-languages=c,c++ --enable-plugins --disable-decimal-float --disable-libffi --disable-libgomp --disable-libmudflap --disable-libquadmath --disable-libssp --disable-libstdcxx-pch --disable-nls --disable-shared --disable-threads --disable-tls --with-gnu-as --with-gnu-ld --with-newlib --with-headers=yes --with-python-dir=share/gcc-arm-none-eabi --with-sysroot=/mnt/workspace/workspace/GCC-10-pipeline/jenkins-GCC-10-pipeline-338_20211018_1634516203/install-native/arm-none-eabi --build=x86_64-linux-gnu --host=x86_64-linux-gnu --with-gmp=/mnt/workspace/workspace/GCC-10-pipeline/jenkins-GCC-10-pipeline-338_20211018_1634516203/build-native/host-libs/usr --with-mpfr=/mnt/workspace/workspace/GCC-10-pipeline/jenkins-GCC-10-pipeline-338_20211018_1634516203/build-native/host-libs/usr --with-mpc=/mnt/workspace/workspace/GCC-10-pipeline/jenkins-GCC-10-pipeline-338_20211018_1634516203/build-native/host-libs/usr --with-isl=/mnt/workspace/workspace/GCC-10-pipeline/jenkins-GCC-10-pipeline-338_20211018_1634516203/build-native/host-libs/usr --with-libelf=/mnt/workspace/workspace/GCC-10-pipeline/jenkins-GCC-10-pipeline-338_20211018_1634516203/build-native/host-libs/usr --with-host-libstdcxx='-static-libgcc -Wl,-Bstatic,-lstdc++,-Bdynamic -lm' --with-pkgversion='GNU Arm Embedded Toolchain 10.3-2021.10' --with-multilib-list=rmprofile,aprofile
Thread model: single
Supported LTO compression algorithms: zlib
gcc version 10.3.1 20210824 (release) (GNU Arm Embedded Toolchain 10.3-2021.10) 
COLLECT_GCC_OPTIONS='-mcpu=cortex-m4' '-mfloat-abi=hard' '-mfpu=fpv4-sp-d16' '-mthumb' '-fdata-sections' '-ffunction-sections' '-v' '-o' 'CMakeFiles/cmTC_52c6d.dir/CMakeCXXCompilerABI.cpp.obj' '-c' '-mlibarch=armv7e-m+fp' '-march=armv7e-m+fp'
 /home/nirve/toolchain/gcc-arm-none-eabi/bin/../lib/gcc/arm-none-eabi/10.3.1/cc1plus -quiet -v -imultilib thumb/v7e-m+fp/hard -iprefix /home/nirve/toolchain/gcc-arm-none-eabi/bin/../lib/gcc/arm-none-eabi/10.3.1/ -isysroot /home/nirve/toolchain/gcc-arm-none-eabi/bin/../arm-none-eabi -D__USES_INITFINI__ /usr/share/cmake-3.25/Modules/CMakeCXXCompilerABI.cpp -quiet -dumpbase CMakeCXXCompilerABI.cpp -mcpu=cortex-m4 -mfloat-abi=hard -mfpu=fpv4-sp-d16 -mthumb -mlibarch=armv7e-m+fp -march=armv7e-m+fp -auxbase-strip CMakeFiles/cmTC_52c6d.dir/CMakeCXXCompilerABI.cpp.obj -version -fdata-sections -ffunction-sections -o /tmp/ccUtmSOz.s
GNU C++14 (GNU Arm Embedded Toolchain 10.3-2021.10) version 10.3.1 20210824 (release) (arm-none-eabi)
	compiled by GNU C version 4.8.4, GMP version 6.1.0, MPFR version 3.1.4, MPC version 1.0.3, isl version isl-0.18-GMP

GGC heuristics: --param ggc-min-expand=100 --param ggc-min-heapsize=131072
ignoring duplicate directory "/home/nirve/toolchain/gcc-arm-none-eabi/bin/../lib/gcc/../../lib/gcc/arm-none-eabi/10.3.1/../../../../arm-none-eabi/include/c++/10.3.1"
ignoring duplicate directory "/home/nirve/toolchain/gcc-arm-none-eabi/bin/../lib/gcc/../../lib/gcc/arm-none-eabi/10.3.1/../../../../arm-none-eabi/include/c++/10.3.1/arm-none-eabi/thumb/v7e-m+fp/hard"
ignoring duplicate directory "/home/nirve/toolchain/gcc-arm-none-eabi/bin/../lib/gcc/../../lib/gcc/arm-none-eabi/10.3.1/../../../../arm-none-eabi/include/c++/10.3.1/backward"
ignoring duplicate directory "/home/nirve/toolchain/gcc-arm-none-eabi/bin/../lib/gcc/../../lib/gcc/arm-none-eabi/10.3.1/include"
ignoring nonexistent directory "/home/nirve/toolchain/gcc-arm-none-eabi/bin/../arm-none-eabi/usr/local/include"
ignoring duplicate directory "/home/nirve/toolchain/gcc-arm-none-eabi/bin/../lib/gcc/../../lib/gcc/arm-none-eabi/10.3.1/include-fixed"
ignoring duplicate directory "/home/nirve/toolchain/gcc-arm-none-eabi/bin/../lib/gcc/../../lib/gcc/arm-none-eabi/10.3.1/../../../../arm-none-eabi/include"
ignoring nonexistent directory "/home/nirve/toolchain/gcc-arm-none-eabi/bin/../arm-none-eabi/usr/include"
#include "..." search starts here:
#include <...> search starts here:
 /home/nirve/toolchain/gcc-arm-none-eabi/bin/../lib/gcc/arm-none-eabi/10.3.1/../../../../arm-none-eabi/include/c++/10.3.1
 /home/nirve/toolchain/gcc-arm-none-eabi/bin/../lib/gcc/arm-none-eabi/10.3.1/../../../../arm-none-eabi/include/c++/10.3.1/arm-none-eabi/thumb/v7e-m+fp/hard
 /home/nirve/toolchain/gcc-arm-none-eabi/bin/../lib/gcc/arm-none-eabi/10.3.1/../../../../arm-none-eabi/include/c++/10.3.1/backward
 /home/nirve/toolchain/gcc-arm-none-eabi/bin/../lib/gcc/arm-none-eabi/10.3.1/include
 /home/nirve/toolchain/gcc-arm-none-eabi/bin/../lib/gcc/arm-none-eabi/10.3.1/include-fixed
 /home/nirve/toolchain/gcc-arm-none-eabi/bin/../lib/gcc/arm-none-eabi/10.3.1/../../../../arm-none-eabi/include
End of search list.
GNU C++14 (GNU Arm Embedded Toolchain 10.3-2021.10) version 10.3.1 20210824 (release) (arm-none-eabi)
	compiled by GNU C version 4.8.4, GMP version 6.1.0, MPFR version 3.1.4, MPC version 1.0.3, isl version isl-0.18-GMP

GGC heuristics: --param ggc-min-expand=100 --param ggc-min-heapsize=131072
Compiler executable checksum: 62a2c0a0f0d30bb0bbe5c686601adbb0
COLLECT_GCC_OPTIONS='-mcpu=cortex-m4' '-mfloat-abi=hard' '-mfpu=fpv4-sp-d16' '-mthumb' '-fdata-sections' '-ffunction-sections' '-v' '-o' 'CMakeFiles/cmTC_52c6d.dir/CMakeCXXCompilerABI.cpp.obj' '-c' '-mlibarch=armv7e-m+fp' '-march=armv7e-m+fp'
 /home/nirve/toolchain/gcc-arm-none-eabi/bin/../lib/gcc/arm-none-eabi/10.3.1/../../../../arm-none-eabi/bin/as -v -march=armv7e-m -mfloat-abi=hard -mfpu=fpv4-sp-d16 -meabi=5 -o CMakeFiles/cmTC_52c6d.dir/CMakeCXXCompilerABI.cpp.obj /tmp/ccUtmSOz.s
GNU assembler version 2.36.1 (arm-none-eabi) using BFD version (GNU Arm Embedded Toolchain 10.3-2021.10) 2.36.1.20210621
COMPILER_PATH=/home/nirve/toolchain/gcc-arm-none-eabi/bin/../lib/gcc/arm-none-eabi/10.3.1/:/home/nirve/toolchain/gcc-arm-none-eabi/bin/../lib/gcc/:/home/nirve/toolchain/gcc-arm-none-eabi/bin/../lib/gcc/arm-none-eabi/10.3.1/../../../../arm-none-eabi/bin/
LIBRARY_PATH=/home/nirve/toolchain/gcc-arm-none-eabi/bin/../lib/gcc/arm-none-eabi/10.3.1/thumb/v7e-m+fp/hard/:/home/nirve/toolchain/gcc-arm-none-eabi/bin/../lib/gcc/arm-none-eabi/10.3.1/../../../../arm-none-eabi/lib/thumb/v7e-m+fp/hard/:/home/nirve/toolchain/gcc-arm-none-eabi/bin/../arm-none-eabi/lib/thumb/v7e-m+fp/hard/:/home/nirve/toolchain/gcc-arm-none-eabi/bin/../lib/gcc/arm-none-eabi/10.3.1/:/home/nirve/toolchain/gcc-arm-none-eabi/bin/../lib/gcc/:/home/nirve/toolchain/gcc-arm-none-eabi/bin/../lib/gcc/arm-none-eabi/10.3.1/../../../../arm-none-eabi/lib/:/home/nirve/toolchain/gcc-arm-none-eabi/bin/../arm-none-eabi/lib/
COLLECT_GCC_OPTIONS='-mcpu=cortex-m4' '-mfloat-abi=hard' '-mfpu=fpv4-sp-d16' '-mthumb' '-fdata-sections' '-ffunction-sections' '-v' '-o' 'CMakeFiles/cmTC_52c6d.dir/CMakeCXXCompilerABI.cpp.obj' '-c' '-mlibarch=armv7e-m+fp' '-march=armv7e-m+fp'
[2/2] Linking CXX static library libcmTC_52c6d.a



Parsed CXX implicit include dir info from above output: rv=done
  found start of include info
  found start of implicit include info
    add: [/home/nirve/toolchain/gcc-arm-none-eabi/bin/../lib/gcc/arm-none-eabi/10.3.1/../../../../arm-none-eabi/include/c++/10.3.1]
    add: [/home/nirve/toolchain/gcc-arm-none-eabi/bin/../lib/gcc/arm-none-eabi/10.3.1/../../../../arm-none-eabi/include/c++/10.3.1/arm-none-eabi/thumb/v7e-m+fp/hard]
    add: [/home/nirve/toolchain/gcc-arm-none-eabi/bin/../lib/gcc/arm-none-eabi/10.3.1/../../../../arm-none-eabi/include/c++/10.3.1/backward]
    add: [/home/nirve/toolchain/gcc-arm-none-eabi/bin/../lib/gcc/arm-none-eabi/10.3.1/include]
    add: [/home/nirve/toolchain/gcc-arm-none-eabi/bin/../lib/gcc/arm-none-eabi/10.3.1/include-fixed]
    add: [/home/nirve/toolchain/gcc-arm-none-eabi/bin/../lib/gcc/arm-none-eabi/10.3.1/../../../../arm-none-eabi/include]
  end of search list found
  collapse include dir [/home/nirve/toolchain/gcc-arm-none-eabi/bin/../lib/gcc/arm-none-eabi/10.3.1/../../../../arm-none-eabi/include/c++/10.3.1] ==> [/home/nirve/toolchain/gcc-arm-none-eabi/arm-none-eabi/include/c++/10.3.1]
  collapse include dir [/home/nirve/toolchain/gcc-arm-none-eabi/bin/../lib/gcc/arm-none-eabi/10.3.1/../../../../arm-none-eabi/include/c++/10.3.1/arm-none-eabi/thumb/v7e-m+fp/hard] ==> [/home/nirve/toolchain/gcc-arm-none-eabi/arm-none-eabi/include/c++/10.3.1/arm-none-eabi/thumb/v7e-m+fp/hard]
  collapse include dir [/home/nirve/toolchain/gcc-arm-none-eabi/bin/../lib/gcc/arm-none-eabi/10.3.1/../../../../arm-none-eabi/include/c++/10.3.1/backward] ==> [/home/nirve/toolchain/gcc-arm-none-eabi/arm-none-eabi/include/c++/10.3.1/backward]
  collapse include dir [/home/nirve/toolchain/gcc-arm-none-eabi/bin/../lib/gcc/arm-none-eabi/10.3.1/include] ==> [/home/nirve/toolchain/gcc-arm-none-eabi/lib/gcc/arm-none-eabi/10.3.1/include]
  collapse include dir [/home/nirve/toolchain/gcc-arm-none-eabi/bin/../lib/gcc/arm-none-eabi/10.3.1/include-fixed] ==> [/home/nirve/toolchain/gcc-arm-none-eabi/lib/gcc/arm-none-eabi/10.3.1/include-fixed]
  collapse include dir [/home/nirve/toolchain/gcc-arm-none-eabi/bin/../lib/gcc/arm-none-eabi/10.3.1/../../../../arm-none-eabi/include] ==> [/home/nirve/toolchain/gcc-arm-none-eabi/arm-none-eabi/include]
  implicit include dirs: [/home/nirve/toolchain/gcc-arm-none-eabi/arm-none-eabi/include/c++/10.3.1;/home/nirve/toolchain/gcc-arm-none-eabi/arm-none-eabi/include/c++/10.3.1/arm-none-eabi/thumb/v7e-m+fp/hard;/home/nirve/toolchain/gcc-arm-none-eabi/arm-none-eabi/include/c++/10.3.1/backward;/home/nirve/toolchain/gcc-arm-none-eabi/lib/gcc/arm-none-eabi/10.3.1/include;/home/nirve/toolchain/gcc-arm-none-eabi/lib/gcc/arm-none-eabi/10.3.1/include-fixed;/home/nirve/toolchain/gcc-arm-none-eabi/arm-none-eabi/include]


Parsed CXX implicit link information from above output:
  link line regex: [^( *|.*[/\])(arm-none-eabi-ld|CMAKE_LINK_STARTFILE-NOTFOUND|([^/\]+-)?ld|collect2)[^/\]*( |$)]
  ignore line: [Change Dir: /mnt/c/code/EA/Cmake/libc-skeleton/buildresults/CMakeFiles/CMakeScratch/TryCompile-D34qKU]
  ignore line: []
  ignore line: [Run Build Command(s):/usr/bin/ninja cmTC_52c6d && [1/2] Building CXX object CMakeFiles/cmTC_52c6d.dir/CMakeCXXCompilerABI.cpp.obj]
  ignore line: [Using built-in specs.]
  ignore line: [COLLECT_GCC=/home/nirve/toolchain/gcc-arm-none-eabi/bin/arm-none-eabi-g++]
  ignore line: [Target: arm-none-eabi]
  ignore line: [Configured with: /mnt/workspace/workspace/GCC-10-pipeline/jenkins-GCC-10-pipeline-338_20211018_1634516203/src/gcc/configure --target=arm-none-eabi --prefix=/mnt/workspace/workspace/GCC-10-pipeline/jenkins-GCC-10-pipeline-338_20211018_1634516203/install-native --libexecdir=/mnt/workspace/workspace/GCC-10-pipeline/jenkins-GCC-10-pipeline-338_20211018_1634516203/install-native/lib --infodir=/mnt/workspace/workspace/GCC-10-pipeline/jenkins-GCC-10-pipeline-338_20211018_1634516203/install-native/share/doc/gcc-arm-none-eabi/info --mandir=/mnt/workspace/workspace/GCC-10-pipeline/jenkins-GCC-10-pipeline-338_20211018_1634516203/install-native/share/doc/gcc-arm-none-eabi/man --htmldir=/mnt/workspace/workspace/GCC-10-pipeline/jenkins-GCC-10-pipeline-338_20211018_1634516203/install-native/share/doc/gcc-arm-none-eabi/html --pdfdir=/mnt/workspace/workspace/GCC-10-pipeline/jenkins-GCC-10-pipeline-338_20211018_1634516203/install-native/share/doc/gcc-arm-none-eabi/pdf --enable-languages=c,c++ --enable-plugins --disable-decimal-float --disable-libffi --disable-libgomp --disable-libmudflap --disable-libquadmath --disable-libssp --disable-libstdcxx-pch --disable-nls --disable-shared --disable-threads --disable-tls --with-gnu-as --with-gnu-ld --with-newlib --with-headers=yes --with-python-dir=share/gcc-arm-none-eabi --with-sysroot=/mnt/workspace/workspace/GCC-10-pipeline/jenkins-GCC-10-pipeline-338_20211018_1634516203/install-native/arm-none-eabi --build=x86_64-linux-gnu --host=x86_64-linux-gnu --with-gmp=/mnt/workspace/workspace/GCC-10-pipeline/jenkins-GCC-10-pipeline-338_20211018_1634516203/build-native/host-libs/usr --with-mpfr=/mnt/workspace/workspace/GCC-10-pipeline/jenkins-GCC-10-pipeline-338_20211018_1634516203/build-native/host-libs/usr --with-mpc=/mnt/workspace/workspace/GCC-10-pipeline/jenkins-GCC-10-pipeline-338_20211018_1634516203/build-native/host-libs/usr --with-isl=/mnt/workspace/workspace/GCC-10-pipeline/jenkins-GCC-10-pipeline-338_20211018_1634516203/build-native/host-libs/usr --with-libelf=/mnt/workspace/workspace/GCC-10-pipeline/jenkins-GCC-10-pipeline-338_20211018_1634516203/build-native/host-libs/usr --with-host-libstdcxx='-static-libgcc -Wl,-Bstatic,-lstdc++,-Bdynamic -lm' --with-pkgversion='GNU Arm Embedded Toolchain 10.3-2021.10' --with-multilib-list=rmprofile,aprofile]
  ignore line: [Thread model: single]
  ignore line: [Supported LTO compression algorithms: zlib]
  ignore line: [gcc version 10.3.1 20210824 (release) (GNU Arm Embedded Toolchain 10.3-2021.10) ]
  ignore line: [COLLECT_GCC_OPTIONS='-mcpu=cortex-m4' '-mfloat-abi=hard' '-mfpu=fpv4-sp-d16' '-mthumb' '-fdata-sections' '-ffunction-sections' '-v' '-o' 'CMakeFiles/cmTC_52c6d.dir/CMakeCXXCompilerABI.cpp.obj' '-c' '-mlibarch=armv7e-m+fp' '-march=armv7e-m+fp']
  ignore line: [ /home/nirve/toolchain/gcc-arm-none-eabi/bin/../lib/gcc/arm-none-eabi/10.3.1/cc1plus -quiet -v -imultilib thumb/v7e-m+fp/hard -iprefix /home/nirve/toolchain/gcc-arm-none-eabi/bin/../lib/gcc/arm-none-eabi/10.3.1/ -isysroot /home/nirve/toolchain/gcc-arm-none-eabi/bin/../arm-none-eabi -D__USES_INITFINI__ /usr/share/cmake-3.25/Modules/CMakeCXXCompilerABI.cpp -quiet -dumpbase CMakeCXXCompilerABI.cpp -mcpu=cortex-m4 -mfloat-abi=hard -mfpu=fpv4-sp-d16 -mthumb -mlibarch=armv7e-m+fp -march=armv7e-m+fp -auxbase-strip CMakeFiles/cmTC_52c6d.dir/CMakeCXXCompilerABI.cpp.obj -version -fdata-sections -ffunction-sections -o /tmp/ccUtmSOz.s]
  ignore line: [GNU C++14 (GNU Arm Embedded Toolchain 10.3-2021.10) version 10.3.1 20210824 (release) (arm-none-eabi)]
  ignore line: [	compiled by GNU C version 4.8.4  GMP version 6.1.0  MPFR version 3.1.4  MPC version 1.0.3  isl version isl-0.18-GMP]
  ignore line: []
  ignore line: [GGC heuristics: --param ggc-min-expand=100 --param ggc-min-heapsize=131072]
  ignore line: [ignoring duplicate directory "/home/nirve/toolchain/gcc-arm-none-eabi/bin/../lib/gcc/../../lib/gcc/arm-none-eabi/10.3.1/../../../../arm-none-eabi/include/c++/10.3.1"]
  ignore line: [ignoring duplicate directory "/home/nirve/toolchain/gcc-arm-none-eabi/bin/../lib/gcc/../../lib/gcc/arm-none-eabi/10.3.1/../../../../arm-none-eabi/include/c++/10.3.1/arm-none-eabi/thumb/v7e-m+fp/hard"]
  ignore line: [ignoring duplicate directory "/home/nirve/toolchain/gcc-arm-none-eabi/bin/../lib/gcc/../../lib/gcc/arm-none-eabi/10.3.1/../../../../arm-none-eabi/include/c++/10.3.1/backward"]
  ignore line: [ignoring duplicate directory "/home/nirve/toolchain/gcc-arm-none-eabi/bin/../lib/gcc/../../lib/gcc/arm-none-eabi/10.3.1/include"]
  ignore line: [ignoring nonexistent directory "/home/nirve/toolchain/gcc-arm-none-eabi/bin/../arm-none-eabi/usr/local/include"]
  ignore line: [ignoring duplicate directory "/home/nirve/toolchain/gcc-arm-none-eabi/bin/../lib/gcc/../../lib/gcc/arm-none-eabi/10.3.1/include-fixed"]
  ignore line: [ignoring duplicate directory "/home/nirve/toolchain/gcc-arm-none-eabi/bin/../lib/gcc/../../lib/gcc/arm-none-eabi/10.3.1/../../../../arm-none-eabi/include"]
  ignore line: [ignoring nonexistent directory "/home/nirve/toolchain/gcc-arm-none-eabi/bin/../arm-none-eabi/usr/include"]
  ignore line: [#include "..." search starts here:]
  ignore line: [#include <...> search starts here:]
  ignore line: [ /home/nirve/toolchain/gcc-arm-none-eabi/bin/../lib/gcc/arm-none-eabi/10.3.1/../../../../arm-none-eabi/include/c++/10.3.1]
  ignore line: [ /home/nirve/toolchain/gcc-arm-none-eabi/bin/../lib/gcc/arm-none-eabi/10.3.1/../../../../arm-none-eabi/include/c++/10.3.1/arm-none-eabi/thumb/v7e-m+fp/hard]
  ignore line: [ /home/nirve/toolchain/gcc-arm-none-eabi/bin/../lib/gcc/arm-none-eabi/10.3.1/../../../../arm-none-eabi/include/c++/10.3.1/backward]
  ignore line: [ /home/nirve/toolchain/gcc-arm-none-eabi/bin/../lib/gcc/arm-none-eabi/10.3.1/include]
  ignore line: [ /home/nirve/toolchain/gcc-arm-none-eabi/bin/../lib/gcc/arm-none-eabi/10.3.1/include-fixed]
  ignore line: [ /home/nirve/toolchain/gcc-arm-none-eabi/bin/../lib/gcc/arm-none-eabi/10.3.1/../../../../arm-none-eabi/include]
  ignore line: [End of search list.]
  ignore line: [GNU C++14 (GNU Arm Embedded Toolchain 10.3-2021.10) version 10.3.1 20210824 (release) (arm-none-eabi)]
  ignore line: [	compiled by GNU C version 4.8.4  GMP version 6.1.0  MPFR version 3.1.4  MPC version 1.0.3  isl version isl-0.18-GMP]
  ignore line: []
  ignore line: [GGC heuristics: --param ggc-min-expand=100 --param ggc-min-heapsize=131072]
  ignore line: [Compiler executable checksum: 62a2c0a0f0d30bb0bbe5c686601adbb0]
  ignore line: [COLLECT_GCC_OPTIONS='-mcpu=cortex-m4' '-mfloat-abi=hard' '-mfpu=fpv4-sp-d16' '-mthumb' '-fdata-sections' '-ffunction-sections' '-v' '-o' 'CMakeFiles/cmTC_52c6d.dir/CMakeCXXCompilerABI.cpp.obj' '-c' '-mlibarch=armv7e-m+fp' '-march=armv7e-m+fp']
  ignore line: [ /home/nirve/toolchain/gcc-arm-none-eabi/bin/../lib/gcc/arm-none-eabi/10.3.1/../../../../arm-none-eabi/bin/as -v -march=armv7e-m -mfloat-abi=hard -mfpu=fpv4-sp-d16 -meabi=5 -o CMakeFiles/cmTC_52c6d.dir/CMakeCXXCompilerABI.cpp.obj /tmp/ccUtmSOz.s]
  ignore line: [GNU assembler version 2.36.1 (arm-none-eabi) using BFD version (GNU Arm Embedded Toolchain 10.3-2021.10) 2.36.1.20210621]
  ignore line: [COMPILER_PATH=/home/nirve/toolchain/gcc-arm-none-eabi/bin/../lib/gcc/arm-none-eabi/10.3.1/:/home/nirve/toolchain/gcc-arm-none-eabi/bin/../lib/gcc/:/home/nirve/toolchain/gcc-arm-none-eabi/bin/../lib/gcc/arm-none-eabi/10.3.1/../../../../arm-none-eabi/bin/]
  ignore line: [LIBRARY_PATH=/home/nirve/toolchain/gcc-arm-none-eabi/bin/../lib/gcc/arm-none-eabi/10.3.1/thumb/v7e-m+fp/hard/:/home/nirve/toolchain/gcc-arm-none-eabi/bin/../lib/gcc/arm-none-eabi/10.3.1/../../../../arm-none-eabi/lib/thumb/v7e-m+fp/hard/:/home/nirve/toolchain/gcc-arm-none-eabi/bin/../arm-none-eabi/lib/thumb/v7e-m+fp/hard/:/home/nirve/toolchain/gcc-arm-none-eabi/bin/../lib/gcc/arm-none-eabi/10.3.1/:/home/nirve/toolchain/gcc-arm-none-eabi/bin/../lib/gcc/:/home/nirve/toolchain/gcc-arm-none-eabi/bin/../lib/gcc/arm-none-eabi/10.3.1/../../../../arm-none-eabi/lib/:/home/nirve/toolchain/gcc-arm-none-eabi/bin/../arm-none-eabi/lib/]
  ignore line: [COLLECT_GCC_OPTIONS='-mcpu=cortex-m4' '-mfloat-abi=hard' '-mfpu=fpv4-sp-d16' '-mthumb' '-fdata-sections' '-ffunction-sections' '-v' '-o' 'CMakeFiles/cmTC_52c6d.dir/CMakeCXXCompilerABI.cpp.obj' '-c' '-mlibarch=armv7e-m+fp' '-march=armv7e-m+fp']
  ignore line: [[2/2] Linking CXX static library libcmTC_52c6d.a]
  ignore line: []
  ignore line: []
  implicit libs: []
  implicit objs: []
  implicit dirs: []
  implicit fwks: []


Performing C SOURCE FILE Test _Wno_unknown_pragmas succeeded with the following output:
Change Dir: /mnt/c/code/EA/Cmake/libc-skeleton/buildresults/CMakeFiles/CMakeScratch/TryCompile-BCYf96

Run Build Command(s):/usr/bin/ninja cmTC_7f408 && [1/2] Building C object CMakeFiles/cmTC_7f408.dir/src.c.obj
[2/2] Linking C static library libcmTC_7f408.a


Source file was:
int main(void) { return 0; }

Performing C SOURCE FILE Test _Wno_nonnull_compare succeeded with the following output:
Change Dir: /mnt/c/code/EA/Cmake/libc-skeleton/buildresults/CMakeFiles/CMakeScratch/TryCompile-2A8BKm

Run Build Command(s):/usr/bin/ninja cmTC_9807b && [1/2] Building C object CMakeFiles/cmTC_9807b.dir/src.c.obj
[2/2] Linking C static library libcmTC_9807b.a


Source file was:
int main(void) { return 0; }

Performing C SOURCE FILE Test _fno_builtin succeeded with the following output:
Change Dir: /mnt/c/code/EA/Cmake/libc-skeleton/buildresults/CMakeFiles/CMakeScratch/TryCompile-Pjkfbj

Run Build Command(s):/usr/bin/ninja cmTC_e0792 && [1/2] Building C object CMakeFiles/cmTC_e0792.dir/src.c.obj
[2/2] Linking C static library libcmTC_e0792.a


Source file was:
int main(void) { return 0; }

Performing C SOURCE FILE Test _nostdinc succeeded with the following output:
Change Dir: /mnt/c/code/EA/Cmake/libc-skeleton/buildresults/CMakeFiles/CMakeScratch/TryCompile-QO8ip1

Run Build Command(s):/usr/bin/ninja cmTC_b6963 && [1/2] Building C object CMakeFiles/cmTC_b6963.dir/src.c.obj
[2/2] Linking C static library libcmTC_b6963.a


Source file was:
int main(void) { return 0; }

Performing C SOURCE FILE Test _fno_stack_protector succeeded with the following output:
Change Dir: /mnt/c/code/EA/Cmake/libc-skeleton/buildresults/CMakeFiles/CMakeScratch/TryCompile-v4GDLm

Run Build Command(s):/usr/bin/ninja cmTC_72cda && [1/2] Building C object CMakeFiles/cmTC_72cda.dir/src.c.obj
[2/2] Linking C static library libcmTC_72cda.a


Source file was:
int main(void) { return 0; }

Performing C SOURCE FILE Test _nostdlib succeeded with the following output:
Change Dir: /mnt/c/code/EA/Cmake/libc-skeleton/buildresults/CMakeFiles/CMakeScratch/TryCompile-cbrXGE

Run Build Command(s):/usr/bin/ninja cmTC_52d6e && [1/2] Building C object CMakeFiles/cmTC_52d6e.dir/src.c.obj
[2/2] Linking C static library libcmTC_52d6e.a


Source file was:
int main(void) { return 0; }

